  main.cpp
C:\disco_a\dev\education\utn\tup\primer_año\segundo_cuatrimestre\programacion_2\juego\SistemaPuntajes.h(29,59): warning C4267: 'return': conversion from 'size_t' to 'int', possible loss of data
  (compiling source file '../main.cpp')
  
C:\disco_a\dev\education\utn\tup\primer_año\segundo_cuatrimestre\programacion_2\juego\main.cpp(44,16): error C2665: 'sf::RenderTarget::draw': no overloaded function could convert all the argument types
      C:\disco_a\dev\education\utn\tup\primer_año\segundo_cuatrimestre\programacion_2\juego\packages\SFML-cpp.2.5.1\build\native\include\SFML\Graphics\RenderTarget.hpp(258,10):
      could be 'void sf::RenderTarget::draw(const sf::VertexBuffer &,const sf::RenderStates &)'
          C:\disco_a\dev\education\utn\tup\primer_año\segundo_cuatrimestre\programacion_2\juego\main.cpp(44,16):
          'void sf::RenderTarget::draw(const sf::VertexBuffer &,const sf::RenderStates &)': cannot convert argument 1 from 'Nivel' to 'const sf::VertexBuffer &'
              C:\disco_a\dev\education\utn\tup\primer_año\segundo_cuatrimestre\programacion_2\juego\main.cpp(44,21):
              Reason: cannot convert from 'Nivel' to 'const sf::VertexBuffer'
              C:\disco_a\dev\education\utn\tup\primer_año\segundo_cuatrimestre\programacion_2\juego\main.cpp(44,21):
              No user-defined-conversion operator available that can perform this conversion, or the operator cannot be called
      C:\disco_a\dev\education\utn\tup\primer_año\segundo_cuatrimestre\programacion_2\juego\packages\SFML-cpp.2.5.1\build\native\include\SFML\Graphics\RenderTarget.hpp(237,10):
      or       'void sf::RenderTarget::draw(const sf::Drawable &,const sf::RenderStates &)'
          C:\disco_a\dev\education\utn\tup\primer_año\segundo_cuatrimestre\programacion_2\juego\main.cpp(44,16):
          'void sf::RenderTarget::draw(const sf::Drawable &,const sf::RenderStates &)': cannot convert argument 1 from 'Nivel' to 'const sf::Drawable &'
              C:\disco_a\dev\education\utn\tup\primer_año\segundo_cuatrimestre\programacion_2\juego\main.cpp(44,21):
              Reason: cannot convert from 'Nivel' to 'const sf::Drawable'
              C:\disco_a\dev\education\utn\tup\primer_año\segundo_cuatrimestre\programacion_2\juego\main.cpp(44,21):
              No user-defined-conversion operator available that can perform this conversion, or the operator cannot be called
      C:\disco_a\dev\education\utn\tup\primer_año\segundo_cuatrimestre\programacion_2\juego\main.cpp(44,16):
      while trying to match the argument list '(Nivel)'
  
